# JRE version: OpenJDK Runtime Environment (11.0.11+9) (build 11.0.11+9-b60-7590822)
# Java VM: OpenJDK 64-Bit Server VM (11.0.11+9-b60-7590822, mixed mode, tiered, compressed oops, g1 gc, windows-amd64)
Heap:
 garbage-first heap   total 467968K, used 206863K [0x0000000080000000, 0x0000000100000000)
  region size 1024K, 5 young (5120K), 5 survivors (5120K)
 Metaspace       used 138017K, capacity 141838K, committed 151464K, reserved 1181696K
  class space    used 17197K, capacity 18632K, committed 20428K, reserved 1048576K
GC Heap History (20 events):
Event: 9003.054 GC heap after
{Heap after GC invocations=59 (full 0):
 garbage-first heap   total 294912K, used 157166K [0x0000000080000000, 0x0000000100000000)
  region size 1024K, 2 young (2048K), 2 survivors (2048K)
 Metaspace       used 136981K, capacity 140700K, committed 151464K, reserved 1181696K
  class space    used 17126K, capacity 18542K, committed 20428K, reserved 1048576K
}
Event: 9003.190 GC heap before
{Heap before GC invocations=59 (full 0):
 garbage-first heap   total 294912K, used 218606K [0x0000000080000000, 0x0000000100000000)
  region size 1024K, 63 young (64512K), 2 survivors (2048K)
 Metaspace       used 137198K, capacity 140909K, committed 151464K, reserved 1181696K
  class space    used 17149K, capacity 18545K, committed 20428K, reserved 1048576K
}
Event: 9003.207 GC heap after
{Heap after GC invocations=60 (full 0):
 garbage-first heap   total 294912K, used 168654K [0x0000000080000000, 0x0000000100000000)
  region size 1024K, 8 young (8192K), 8 survivors (8192K)
 Metaspace       used 137198K, capacity 140909K, committed 151464K, reserved 1181696K
  class space    used 17149K, capacity 18545K, committed 20428K, reserved 1048576K
}
Event: 9003.465 GC heap before
{Heap before GC invocations=60 (full 0):
 garbage-first heap   total 294912K, used 224974K [0x0000000080000000, 0x0000000100000000)
  region size 1024K, 64 young (65536K), 8 survivors (8192K)
 Metaspace       used 137387K, capacity 141172K, committed 151464K, reserved 1181696K
  class space    used 17148K, capacity 18544K, committed 20428K, reserved 1048576K
}
Event: 9003.480 GC heap after
{Heap after GC invocations=61 (full 0):
 garbage-first heap   total 294912K, used 179530K [0x0000000080000000, 0x0000000100000000)
  region size 1024K, 8 young (8192K), 8 survivors (8192K)
 Metaspace       used 137387K, capacity 141172K, committed 151464K, reserved 1181696K
  class space    used 17148K, capacity 18544K, committed 20428K, reserved 1048576K
}
Event: 9003.625 GC heap before
{Heap before GC invocations=62 (full 0):
 garbage-first heap   total 294912K, used 231754K [0x0000000080000000, 0x0000000100000000)
  region size 1024K, 59 young (60416K), 8 survivors (8192K)
 Metaspace       used 137435K, capacity 141221K, committed 151464K, reserved 1181696K
  class space    used 17159K, capacity 18562K, committed 20428K, reserved 1048576K
}
Event: 9003.641 GC heap after
{Heap after GC invocations=63 (full 0):
 garbage-first heap   total 294912K, used 185977K [0x0000000080000000, 0x0000000100000000)
  region size 1024K, 6 young (6144K), 6 survivors (6144K)
 Metaspace       used 137435K, capacity 141221K, committed 151464K, reserved 1181696K
  class space    used 17159K, capacity 18562K, committed 20428K, reserved 1048576K
}
Event: 9003.674 GC heap before
{Heap before GC invocations=63 (full 0):
 garbage-first heap   total 294912K, used 194169K [0x0000000080000000, 0x0000000100000000)
  region size 1024K, 14 young (14336K), 6 survivors (6144K)
 Metaspace       used 137439K, capacity 141224K, committed 151464K, reserved 1181696K
  class space    used 17160K, capacity 18563K, committed 20428K, reserved 1048576K
}
Event: 9003.693 GC heap after
{Heap after GC invocations=64 (full 0):
 garbage-first heap   total 294912K, used 184080K [0x0000000080000000, 0x0000000100000000)
  region size 1024K, 2 young (2048K), 2 survivors (2048K)
 Metaspace       used 137439K, capacity 141224K, committed 151464K, reserved 1181696K
  class space    used 17160K, capacity 18563K, committed 20428K, reserved 1048576K
}
Event: 9003.853 GC heap before
{Heap before GC invocations=64 (full 0):
 garbage-first heap   total 294912K, used 235280K [0x0000000080000000, 0x0000000100000000)
  region size 1024K, 52 young (53248K), 2 survivors (2048K)
 Metaspace       used 137540K, capacity 141394K, committed 151464K, reserved 1181696K
  class space    used 17167K, capacity 18598K, committed 20428K, reserved 1048576K
}
Event: 9003.863 GC heap after
{Heap after GC invocations=65 (full 0):
 garbage-first heap   total 294912K, used 191358K [0x0000000080000000, 0x0000000100000000)
  region size 1024K, 7 young (7168K), 7 survivors (7168K)
 Metaspace       used 137540K, capacity 141394K, committed 151464K, reserved 1181696K
  class space    used 17167K, capacity 18598K, committed 20428K, reserved 1048576K
}
Event: 9004.195 GC heap before
{Heap before GC invocations=65 (full 0):
 garbage-first heap   total 294912K, used 239486K [0x0000000080000000, 0x0000000100000000)
  region size 1024K, 55 young (56320K), 7 survivors (7168K)
 Metaspace       used 137687K, capacity 141531K, committed 151464K, reserved 1181696K
  class space    used 17166K, capacity 18596K, committed 20428K, reserved 1048576K
}
Event: 9004.207 GC heap after
{Heap after GC invocations=66 (full 0):
 garbage-first heap   total 294912K, used 196341K [0x0000000080000000, 0x0000000100000000)
  region size 1024K, 5 young (5120K), 5 survivors (5120K)
 Metaspace       used 137687K, capacity 141531K, committed 151464K, reserved 1181696K
  class space    used 17166K, capacity 18596K, committed 20428K, reserved 1048576K
}
Event: 9004.334 GC heap before
{Heap before GC invocations=67 (full 0):
 garbage-first heap   total 294912K, used 243445K [0x0000000080000000, 0x0000000100000000)
  region size 1024K, 51 young (52224K), 5 survivors (5120K)
 Metaspace       used 137840K, capacity 141658K, committed 151464K, reserved 1181696K
  class space    used 17188K, capacity 18617K, committed 20428K, reserved 1048576K
}
Event: 9004.347 GC heap after
{Heap after GC invocations=68 (full 0):
 garbage-first heap   total 294912K, used 201460K [0x0000000080000000, 0x0000000100000000)
  region size 1024K, 6 young (6144K), 6 survivors (6144K)
 Metaspace       used 137840K, capacity 141658K, committed 151464K, reserved 1181696K
  class space    used 17188K, capacity 18617K, committed 20428K, reserved 1048576K
}
Event: 9004.370 GC heap before
{Heap before GC invocations=68 (full 0):
 garbage-first heap   total 294912K, used 208628K [0x0000000080000000, 0x0000000100000000)
  region size 1024K, 14 young (14336K), 6 survivors (6144K)
 Metaspace       used 137846K, capacity 141659K, committed 151464K, reserved 1181696K
  class space    used 17188K, capacity 18617K, committed 20428K, reserved 1048576K
}
Event: 9004.380 GC heap after
{Heap after GC invocations=69 (full 0):
 garbage-first heap   total 294912K, used 198655K [0x0000000080000000, 0x0000000100000000)
  region size 1024K, 2 young (2048K), 2 survivors (2048K)
 Metaspace       used 137846K, capacity 141659K, committed 151464K, reserved 1181696K
  class space    used 17188K, capacity 18617K, committed 20428K, reserved 1048576K
}
Event: 9004.504 GC heap before
{Heap before GC invocations=69 (full 0):
 garbage-first heap   total 294912K, used 244735K [0x0000000080000000, 0x0000000100000000)
  region size 1024K, 48 young (49152K), 2 survivors (2048K)
 Metaspace       used 137970K, capacity 141829K, committed 151464K, reserved 1181696K
  class space    used 17196K, capacity 18629K, committed 20428K, reserved 1048576K
}
Event: 9004.513 GC heap after
{Heap after GC invocations=70 (full 0):
 garbage-first heap   total 294912K, used 202747K [0x0000000080000000, 0x0000000100000000)
  region size 1024K, 6 young (6144K), 6 survivors (6144K)
 Metaspace       used 137970K, capacity 141829K, committed 151464K, reserved 1181696K
  class space    used 17196K, capacity 18629K, committed 20428K, reserved 1048576K
}
Event: 9004.659 GC heap before
{Heap before GC invocations=70 (full 0):
 garbage-first heap   total 294912K, used 246779K [0x0000000080000000, 0x0000000100000000)
  region size 1024K, 50 young (51200K), 6 survivors (6144K)
 Metaspace       used 138017K, capacity 141838K, committed 151464K, reserved 1181696K
  class space    used 17197K, capacity 18632K, committed 20428K, reserved 1048576K
}

